*** Starting uWSGI 2.0.17.1 (64bit) on [Mon Apr  8 21:07:19 2019] ***
compiled with version: 4.8.5 20150623 (Red Hat 4.8.5-28) on 09 July 2018 03:58:51
os: Linux-4.19.8-1.el7.elrepo.x86_64 #1 SMP Sat Dec 8 10:07:47 EST 2018
nodename: izrj9hhz1756cau2jxsv6mz
machine: x86_64
clock source: unix
pcre jit disabled
detected number of CPU cores: 1
current working directory: /root/home-vue
detected binary path: /usr/sbin/uwsgi
uWSGI running as root, you can use --uid/--gid/--chroot options
*** WARNING: you are running uWSGI as root !!! (use the --uid flag) *** 
chdir() to /root/home-vue
your processes number limit is 3853
your memory page size is 4096 bytes
 *** WARNING: you have enabled harakiri without post buffering. Slow upload could be rejected on post-unbuffered webservers *** 
detected max file descriptor number: 65535
lock engine: pthread robust mutexes
thunder lock: disabled (you can enable it with --thunder-lock)
uwsgi socket 0 bound to TCP address 127.0.0.1:6016 fd 3
uWSGI running as root, you can use --uid/--gid/--chroot options
*** WARNING: you are running uWSGI as root !!! (use the --uid flag) *** 
Python version: 2.7.5 (default, Apr 11 2018, 07:36:10)  [GCC 4.8.5 20150623 (Red Hat 4.8.5-28)]
Python main interpreter initialized at 0x7c1d80
uWSGI running as root, you can use --uid/--gid/--chroot options
*** WARNING: you are running uWSGI as root !!! (use the --uid flag) *** 
python threads support enabled
your server socket listen backlog is limited to 100 connections
your mercy for graceful operations on workers is 60 seconds
mapped 703600 bytes (687 KB) for 8 cores
*** Operational MODE: preforking+threaded ***
2019-04-08 21:07:19,889 INFO sqlalchemy.engine.base.Engine SELECT CAST('test plain returns' AS VARCHAR(60)) AS anon_1
INFO:sqlalchemy.engine.base.Engine:SELECT CAST('test plain returns' AS VARCHAR(60)) AS anon_1
2019-04-08 21:07:19,889 INFO sqlalchemy.engine.base.Engine ()
INFO:sqlalchemy.engine.base.Engine:()
2019-04-08 21:07:19,889 INFO sqlalchemy.engine.base.Engine SELECT CAST('test unicode returns' AS VARCHAR(60)) AS anon_1
INFO:sqlalchemy.engine.base.Engine:SELECT CAST('test unicode returns' AS VARCHAR(60)) AS anon_1
2019-04-08 21:07:19,889 INFO sqlalchemy.engine.base.Engine ()
INFO:sqlalchemy.engine.base.Engine:()
2019-04-08 21:07:19,900 INFO sqlalchemy.engine.base.Engine SHOW VARIABLES LIKE 'sql_mode'
INFO:sqlalchemy.engine.base.Engine:SHOW VARIABLES LIKE 'sql_mode'
2019-04-08 21:07:19,900 INFO sqlalchemy.engine.base.Engine ()
INFO:sqlalchemy.engine.base.Engine:()
2019-04-08 21:07:19,901 INFO sqlalchemy.engine.base.Engine SELECT DATABASE()
INFO:sqlalchemy.engine.base.Engine:SELECT DATABASE()
2019-04-08 21:07:19,901 INFO sqlalchemy.engine.base.Engine ()
INFO:sqlalchemy.engine.base.Engine:()
2019-04-08 21:07:19,901 INFO sqlalchemy.engine.base.Engine show collation where `Charset` = 'utf8' and `Collation` = 'utf8_bin'
INFO:sqlalchemy.engine.base.Engine:show collation where `Charset` = 'utf8' and `Collation` = 'utf8_bin'
2019-04-08 21:07:19,901 INFO sqlalchemy.engine.base.Engine ()
INFO:sqlalchemy.engine.base.Engine:()
2019-04-08 21:07:19,902 INFO sqlalchemy.engine.base.Engine SELECT CAST('test plain returns' AS CHAR(60)) AS anon_1
INFO:sqlalchemy.engine.base.Engine:SELECT CAST('test plain returns' AS CHAR(60)) AS anon_1
2019-04-08 21:07:19,903 INFO sqlalchemy.engine.base.Engine ()
INFO:sqlalchemy.engine.base.Engine:()
2019-04-08 21:07:19,903 INFO sqlalchemy.engine.base.Engine SELECT CAST('test unicode returns' AS CHAR(60)) AS anon_1
INFO:sqlalchemy.engine.base.Engine:SELECT CAST('test unicode returns' AS CHAR(60)) AS anon_1
2019-04-08 21:07:19,903 INFO sqlalchemy.engine.base.Engine ()
INFO:sqlalchemy.engine.base.Engine:()
2019-04-08 21:07:19,904 INFO sqlalchemy.engine.base.Engine SELECT CAST('test collated returns' AS CHAR CHARACTER SET utf8) COLLATE utf8_bin AS anon_1
INFO:sqlalchemy.engine.base.Engine:SELECT CAST('test collated returns' AS CHAR CHARACTER SET utf8) COLLATE utf8_bin AS anon_1
2019-04-08 21:07:19,904 INFO sqlalchemy.engine.base.Engine ()
INFO:sqlalchemy.engine.base.Engine:()
2019-04-08 21:07:19,904 INFO sqlalchemy.engine.base.Engine DESCRIBE `article`
INFO:sqlalchemy.engine.base.Engine:DESCRIBE `article`
2019-04-08 21:07:19,905 INFO sqlalchemy.engine.base.Engine ()
INFO:sqlalchemy.engine.base.Engine:()
WSGI app 0 (mountpoint='') ready in 0 seconds on interpreter 0x7c1d80 pid: 23819 (default app)
uWSGI running as root, you can use --uid/--gid/--chroot options
*** WARNING: you are running uWSGI as root !!! (use the --uid flag) *** 
*** uWSGI is running in multiple interpreter mode ***
spawned uWSGI master process (pid: 23819)
spawned uWSGI worker 1 (pid: 23826, cores: 2)
spawned uWSGI worker 2 (pid: 23827, cores: 2)
spawned uWSGI worker 3 (pid: 23828, cores: 2)
spawned uWSGI worker 4 (pid: 23829, cores: 2)
*** Starting uWSGI 2.0.17.1 (64bit) on [Mon Apr  8 21:09:07 2019] ***
compiled with version: 4.8.5 20150623 (Red Hat 4.8.5-28) on 09 July 2018 03:58:51
os: Linux-4.19.8-1.el7.elrepo.x86_64 #1 SMP Sat Dec 8 10:07:47 EST 2018
nodename: izrj9hhz1756cau2jxsv6mz
machine: x86_64
clock source: unix
pcre jit disabled
detected number of CPU cores: 1
current working directory: /root/home-vue
detected binary path: /usr/sbin/uwsgi
uWSGI running as root, you can use --uid/--gid/--chroot options
*** WARNING: you are running uWSGI as root !!! (use the --uid flag) *** 
chdir() to /root/home-vue
your processes number limit is 3853
your memory page size is 4096 bytes
 *** WARNING: you have enabled harakiri without post buffering. Slow upload could be rejected on post-unbuffered webservers *** 
detected max file descriptor number: 65535
lock engine: pthread robust mutexes
thunder lock: disabled (you can enable it with --thunder-lock)
uwsgi socket 0 bound to TCP address 127.0.0.1:6016 fd 3
uWSGI running as root, you can use --uid/--gid/--chroot options
*** WARNING: you are running uWSGI as root !!! (use the --uid flag) *** 
Python version: 2.7.5 (default, Apr 11 2018, 07:36:10)  [GCC 4.8.5 20150623 (Red Hat 4.8.5-28)]
Python main interpreter initialized at 0x777d80
uWSGI running as root, you can use --uid/--gid/--chroot options
*** WARNING: you are running uWSGI as root !!! (use the --uid flag) *** 
python threads support enabled
your server socket listen backlog is limited to 100 connections
your mercy for graceful operations on workers is 60 seconds
mapped 703600 bytes (687 KB) for 8 cores
*** Operational MODE: preforking+threaded ***
2019-04-08 21:09:07,449 INFO sqlalchemy.engine.base.Engine SELECT CAST('test plain returns' AS VARCHAR(60)) AS anon_1
INFO:sqlalchemy.engine.base.Engine:SELECT CAST('test plain returns' AS VARCHAR(60)) AS anon_1
2019-04-08 21:09:07,449 INFO sqlalchemy.engine.base.Engine ()
INFO:sqlalchemy.engine.base.Engine:()
2019-04-08 21:09:07,449 INFO sqlalchemy.engine.base.Engine SELECT CAST('test unicode returns' AS VARCHAR(60)) AS anon_1
INFO:sqlalchemy.engine.base.Engine:SELECT CAST('test unicode returns' AS VARCHAR(60)) AS anon_1
2019-04-08 21:09:07,449 INFO sqlalchemy.engine.base.Engine ()
INFO:sqlalchemy.engine.base.Engine:()
2019-04-08 21:09:07,461 INFO sqlalchemy.engine.base.Engine SHOW VARIABLES LIKE 'sql_mode'
INFO:sqlalchemy.engine.base.Engine:SHOW VARIABLES LIKE 'sql_mode'
2019-04-08 21:09:07,461 INFO sqlalchemy.engine.base.Engine ()
INFO:sqlalchemy.engine.base.Engine:()
2019-04-08 21:09:07,462 INFO sqlalchemy.engine.base.Engine SELECT DATABASE()
INFO:sqlalchemy.engine.base.Engine:SELECT DATABASE()
2019-04-08 21:09:07,462 INFO sqlalchemy.engine.base.Engine ()
INFO:sqlalchemy.engine.base.Engine:()
2019-04-08 21:09:07,463 INFO sqlalchemy.engine.base.Engine show collation where `Charset` = 'utf8' and `Collation` = 'utf8_bin'
INFO:sqlalchemy.engine.base.Engine:show collation where `Charset` = 'utf8' and `Collation` = 'utf8_bin'
2019-04-08 21:09:07,463 INFO sqlalchemy.engine.base.Engine ()
INFO:sqlalchemy.engine.base.Engine:()
2019-04-08 21:09:07,464 INFO sqlalchemy.engine.base.Engine SELECT CAST('test plain returns' AS CHAR(60)) AS anon_1
INFO:sqlalchemy.engine.base.Engine:SELECT CAST('test plain returns' AS CHAR(60)) AS anon_1
2019-04-08 21:09:07,464 INFO sqlalchemy.engine.base.Engine ()
INFO:sqlalchemy.engine.base.Engine:()
2019-04-08 21:09:07,464 INFO sqlalchemy.engine.base.Engine SELECT CAST('test unicode returns' AS CHAR(60)) AS anon_1
INFO:sqlalchemy.engine.base.Engine:SELECT CAST('test unicode returns' AS CHAR(60)) AS anon_1
2019-04-08 21:09:07,465 INFO sqlalchemy.engine.base.Engine ()
INFO:sqlalchemy.engine.base.Engine:()
2019-04-08 21:09:07,465 INFO sqlalchemy.engine.base.Engine SELECT CAST('test collated returns' AS CHAR CHARACTER SET utf8) COLLATE utf8_bin AS anon_1
INFO:sqlalchemy.engine.base.Engine:SELECT CAST('test collated returns' AS CHAR CHARACTER SET utf8) COLLATE utf8_bin AS anon_1
2019-04-08 21:09:07,465 INFO sqlalchemy.engine.base.Engine ()
INFO:sqlalchemy.engine.base.Engine:()
2019-04-08 21:09:07,466 INFO sqlalchemy.engine.base.Engine DESCRIBE `article`
INFO:sqlalchemy.engine.base.Engine:DESCRIBE `article`
2019-04-08 21:09:07,466 INFO sqlalchemy.engine.base.Engine ()
INFO:sqlalchemy.engine.base.Engine:()
WSGI app 0 (mountpoint='') ready in 0 seconds on interpreter 0x777d80 pid: 23851 (default app)
uWSGI running as root, you can use --uid/--gid/--chroot options
*** WARNING: you are running uWSGI as root !!! (use the --uid flag) *** 
*** uWSGI is running in multiple interpreter mode ***
spawned uWSGI master process (pid: 23851)
spawned uWSGI worker 1 (pid: 23858, cores: 2)
spawned uWSGI worker 2 (pid: 23859, cores: 2)
spawned uWSGI worker 3 (pid: 23860, cores: 2)
spawned uWSGI worker 4 (pid: 23861, cores: 2)
2019-04-08 21:09:28,800 INFO sqlalchemy.engine.base.Engine BEGIN (implicit)
INFO:sqlalchemy.engine.base.Engine:BEGIN (implicit)
2019-04-08 21:09:28,802 INFO sqlalchemy.engine.base.Engine SELECT article.idarticle AS article_idarticle, article.title AS article_title, article.description AS article_description, article.author AS article_author, article.src AS article_src, article.date AS article_date, article.read_number AS article_read_number, article.type AS article_type, article.thumbnail AS article_thumbnail 
FROM article 
 LIMIT %s, %s
INFO:sqlalchemy.engine.base.Engine:SELECT article.idarticle AS article_idarticle, article.title AS article_title, article.description AS article_description, article.author AS article_author, article.src AS article_src, article.date AS article_date, article.read_number AS article_read_number, article.type AS article_type, article.thumbnail AS article_thumbnail 
FROM article 
 LIMIT %s, %s
2019-04-08 21:09:28,802 INFO sqlalchemy.engine.base.Engine (0, 6)
INFO:sqlalchemy.engine.base.Engine:(0, 6)
2019-04-08 21:09:28,807 INFO sqlalchemy.engine.base.Engine SELECT count(*) AS count_1 
FROM (SELECT article.idarticle AS article_idarticle, article.title AS article_title, article.description AS article_description, article.author AS article_author, article.src AS article_src, article.date AS article_date, article.read_number AS article_read_number, article.type AS article_type, article.thumbnail AS article_thumbnail 
FROM article) AS anon_1
INFO:sqlalchemy.engine.base.Engine:SELECT count(*) AS count_1 
FROM (SELECT article.idarticle AS article_idarticle, article.title AS article_title, article.description AS article_description, article.author AS article_author, article.src AS article_src, article.date AS article_date, article.read_number AS article_read_number, article.type AS article_type, article.thumbnail AS article_thumbnail 
FROM article) AS anon_1
2019-04-08 21:09:28,807 INFO sqlalchemy.engine.base.Engine ()
INFO:sqlalchemy.engine.base.Engine:()
2019-04-08 21:09:28,808 INFO sqlalchemy.engine.base.Engine ROLLBACK
INFO:sqlalchemy.engine.base.Engine:ROLLBACK
[pid: 23861|app: 0|req: 1/1] 47.254.76.159 () {38 vars in 644 bytes} [Mon Apr  8 21:09:28 2019] GET /page/0/1 => generated 2302 bytes in 15 msecs (HTTP/1.1 200) 3 headers in 113 bytes (1 switches on core 0)
2019-04-08 21:09:31,172 INFO sqlalchemy.engine.base.Engine BEGIN (implicit)
INFO:sqlalchemy.engine.base.Engine:BEGIN (implicit)
2019-04-08 21:09:31,173 INFO sqlalchemy.engine.base.Engine SELECT article.idarticle AS article_idarticle, article.title AS article_title, article.description AS article_description, article.author AS article_author, article.src AS article_src, article.date AS article_date, article.read_number AS article_read_number, article.type AS article_type, article.thumbnail AS article_thumbnail 
FROM article 
 LIMIT %s, %s
INFO:sqlalchemy.engine.base.Engine:SELECT article.idarticle AS article_idarticle, article.title AS article_title, article.description AS article_description, article.author AS article_author, article.src AS article_src, article.date AS article_date, article.read_number AS article_read_number, article.type AS article_type, article.thumbnail AS article_thumbnail 
FROM article 
 LIMIT %s, %s
2019-04-08 21:09:31,173 INFO sqlalchemy.engine.base.Engine (18, 6)
INFO:sqlalchemy.engine.base.Engine:(18, 6)
2019-04-08 21:09:31,177 INFO sqlalchemy.engine.base.Engine SELECT count(*) AS count_1 
FROM (SELECT article.idarticle AS article_idarticle, article.title AS article_title, article.description AS article_description, article.author AS article_author, article.src AS article_src, article.date AS article_date, article.read_number AS article_read_number, article.type AS article_type, article.thumbnail AS article_thumbnail 
FROM article) AS anon_1
INFO:sqlalchemy.engine.base.Engine:SELECT count(*) AS count_1 
FROM (SELECT article.idarticle AS article_idarticle, article.title AS article_title, article.description AS article_description, article.author AS article_author, article.src AS article_src, article.date AS article_date, article.read_number AS article_read_number, article.type AS article_type, article.thumbnail AS article_thumbnail 
FROM article) AS anon_1
2019-04-08 21:09:31,177 INFO sqlalchemy.engine.base.Engine ()
INFO:sqlalchemy.engine.base.Engine:()
2019-04-08 21:09:31,178 INFO sqlalchemy.engine.base.Engine ROLLBACK
INFO:sqlalchemy.engine.base.Engine:ROLLBACK
[pid: 23861|app: 0|req: 2/2] 47.254.76.159 () {38 vars in 644 bytes} [Mon Apr  8 21:09:31 2019] GET /page/0/4 => generated 2016 bytes in 7 msecs (HTTP/1.1 200) 3 headers in 113 bytes (1 switches on core 1)
2019-04-08 21:09:35,420 INFO sqlalchemy.engine.base.Engine BEGIN (implicit)
INFO:sqlalchemy.engine.base.Engine:BEGIN (implicit)
2019-04-08 21:09:35,420 INFO sqlalchemy.engine.base.Engine SELECT article.idarticle AS article_idarticle, article.title AS article_title, article.description AS article_description, article.author AS article_author, article.src AS article_src, article.date AS article_date, article.read_number AS article_read_number, article.type AS article_type, article.thumbnail AS article_thumbnail 
FROM article 
WHERE article.type = %s 
 LIMIT %s, %s
INFO:sqlalchemy.engine.base.Engine:SELECT article.idarticle AS article_idarticle, article.title AS article_title, article.description AS article_description, article.author AS article_author, article.src AS article_src, article.date AS article_date, article.read_number AS article_read_number, article.type AS article_type, article.thumbnail AS article_thumbnail 
FROM article 
WHERE article.type = %s 
 LIMIT %s, %s
2019-04-08 21:09:35,421 INFO sqlalchemy.engine.base.Engine ('2', 0, 6)
INFO:sqlalchemy.engine.base.Engine:('2', 0, 6)
2019-04-08 21:09:35,427 INFO sqlalchemy.engine.base.Engine SELECT count(*) AS count_1 
FROM (SELECT article.idarticle AS article_idarticle, article.title AS article_title, article.description AS article_description, article.author AS article_author, article.src AS article_src, article.date AS article_date, article.read_number AS article_read_number, article.type AS article_type, article.thumbnail AS article_thumbnail 
FROM article 
WHERE article.type = %s) AS anon_1
INFO:sqlalchemy.engine.base.Engine:SELECT count(*) AS count_1 
FROM (SELECT article.idarticle AS article_idarticle, article.title AS article_title, article.description AS article_description, article.author AS article_author, article.src AS article_src, article.date AS article_date, article.read_number AS article_read_number, article.type AS article_type, article.thumbnail AS article_thumbnail 
FROM article 
WHERE article.type = %s) AS anon_1
2019-04-08 21:09:35,427 INFO sqlalchemy.engine.base.Engine ('2',)
INFO:sqlalchemy.engine.base.Engine:('2',)
2019-04-08 21:09:35,428 INFO sqlalchemy.engine.base.Engine ROLLBACK
INFO:sqlalchemy.engine.base.Engine:ROLLBACK
[pid: 23861|app: 0|req: 3/3] 47.254.76.159 () {38 vars in 644 bytes} [Mon Apr  8 21:09:35 2019] GET /page/2/1 => generated 2085 bytes in 10 msecs (HTTP/1.1 200) 3 headers in 113 bytes (1 switches on core 0)
2019-04-08 21:09:38,232 INFO sqlalchemy.engine.base.Engine BEGIN (implicit)
INFO:sqlalchemy.engine.base.Engine:BEGIN (implicit)
2019-04-08 21:09:38,233 INFO sqlalchemy.engine.base.Engine SELECT article.idarticle AS article_idarticle, article.title AS article_title, article.description AS article_description, article.author AS article_author, article.src AS article_src, article.date AS article_date, article.read_number AS article_read_number, article.type AS article_type, article.thumbnail AS article_thumbnail 
FROM article 
WHERE article.type = %s 
 LIMIT %s, %s
INFO:sqlalchemy.engine.base.Engine:SELECT article.idarticle AS article_idarticle, article.title AS article_title, article.description AS article_description, article.author AS article_author, article.src AS article_src, article.date AS article_date, article.read_number AS article_read_number, article.type AS article_type, article.thumbnail AS article_thumbnail 
FROM article 
WHERE article.type = %s 
 LIMIT %s, %s
2019-04-08 21:09:38,233 INFO sqlalchemy.engine.base.Engine ('1', 0, 6)
INFO:sqlalchemy.engine.base.Engine:('1', 0, 6)
2019-04-08 21:09:38,237 INFO sqlalchemy.engine.base.Engine SELECT count(*) AS count_1 
FROM (SELECT article.idarticle AS article_idarticle, article.title AS article_title, article.description AS article_description, article.author AS article_author, article.src AS article_src, article.date AS article_date, article.read_number AS article_read_number, article.type AS article_type, article.thumbnail AS article_thumbnail 
FROM article 
WHERE article.type = %s) AS anon_1
INFO:sqlalchemy.engine.base.Engine:SELECT count(*) AS count_1 
FROM (SELECT article.idarticle AS article_idarticle, article.title AS article_title, article.description AS article_description, article.author AS article_author, article.src AS article_src, article.date AS article_date, article.read_number AS article_read_number, article.type AS article_type, article.thumbnail AS article_thumbnail 
FROM article 
WHERE article.type = %s) AS anon_1
2019-04-08 21:09:38,237 INFO sqlalchemy.engine.base.Engine ('1',)
INFO:sqlalchemy.engine.base.Engine:('1',)
2019-04-08 21:09:38,238 INFO sqlalchemy.engine.base.Engine ROLLBACK
INFO:sqlalchemy.engine.base.Engine:ROLLBACK
[pid: 23861|app: 0|req: 4/4] 47.254.76.159 () {38 vars in 644 bytes} [Mon Apr  8 21:09:38 2019] GET /page/1/1 => generated 2292 bytes in 8 msecs (HTTP/1.1 200) 3 headers in 113 bytes (1 switches on core 1)
2019-04-08 21:09:39,976 INFO sqlalchemy.engine.base.Engine BEGIN (implicit)
INFO:sqlalchemy.engine.base.Engine:BEGIN (implicit)
2019-04-08 21:09:39,977 INFO sqlalchemy.engine.base.Engine SELECT article.idarticle AS article_idarticle, article.title AS article_title, article.description AS article_description, article.author AS article_author, article.src AS article_src, article.date AS article_date, article.read_number AS article_read_number, article.type AS article_type, article.thumbnail AS article_thumbnail 
FROM article 
 LIMIT %s, %s
INFO:sqlalchemy.engine.base.Engine:SELECT article.idarticle AS article_idarticle, article.title AS article_title, article.description AS article_description, article.author AS article_author, article.src AS article_src, article.date AS article_date, article.read_number AS article_read_number, article.type AS article_type, article.thumbnail AS article_thumbnail 
FROM article 
 LIMIT %s, %s
2019-04-08 21:09:39,977 INFO sqlalchemy.engine.base.Engine (0, 6)
INFO:sqlalchemy.engine.base.Engine:(0, 6)
2019-04-08 21:09:39,981 INFO sqlalchemy.engine.base.Engine SELECT count(*) AS count_1 
FROM (SELECT article.idarticle AS article_idarticle, article.title AS article_title, article.description AS article_description, article.author AS article_author, article.src AS article_src, article.date AS article_date, article.read_number AS article_read_number, article.type AS article_type, article.thumbnail AS article_thumbnail 
FROM article) AS anon_1
INFO:sqlalchemy.engine.base.Engine:SELECT count(*) AS count_1 
FROM (SELECT article.idarticle AS article_idarticle, article.title AS article_title, article.description AS article_description, article.author AS article_author, article.src AS article_src, article.date AS article_date, article.read_number AS article_read_number, article.type AS article_type, article.thumbnail AS article_thumbnail 
FROM article) AS anon_1
2019-04-08 21:09:39,981 INFO sqlalchemy.engine.base.Engine ()
INFO:sqlalchemy.engine.base.Engine:()
2019-04-08 21:09:39,982 INFO sqlalchemy.engine.base.Engine ROLLBACK
INFO:sqlalchemy.engine.base.Engine:ROLLBACK
[pid: 23861|app: 0|req: 5/5] 47.254.76.159 () {38 vars in 644 bytes} [Mon Apr  8 21:09:39 2019] GET /page/0/1 => generated 2302 bytes in 7 msecs (HTTP/1.1 200) 3 headers in 113 bytes (1 switches on core 0)
2019-04-08 21:11:06,743 INFO sqlalchemy.engine.base.Engine BEGIN (implicit)
INFO:sqlalchemy.engine.base.Engine:BEGIN (implicit)
2019-04-08 21:11:06,744 INFO sqlalchemy.engine.base.Engine SELECT article.idarticle AS article_idarticle, article.title AS article_title, article.description AS article_description, article.author AS article_author, article.src AS article_src, article.date AS article_date, article.read_number AS article_read_number, article.type AS article_type, article.thumbnail AS article_thumbnail 
FROM article 
 LIMIT %s, %s
INFO:sqlalchemy.engine.base.Engine:SELECT article.idarticle AS article_idarticle, article.title AS article_title, article.description AS article_description, article.author AS article_author, article.src AS article_src, article.date AS article_date, article.read_number AS article_read_number, article.type AS article_type, article.thumbnail AS article_thumbnail 
FROM article 
 LIMIT %s, %s
2019-04-08 21:11:06,744 INFO sqlalchemy.engine.base.Engine (6, 6)
INFO:sqlalchemy.engine.base.Engine:(6, 6)
2019-04-08 21:11:06,748 INFO sqlalchemy.engine.base.Engine SELECT count(*) AS count_1 
FROM (SELECT article.idarticle AS article_idarticle, article.title AS article_title, article.description AS article_description, article.author AS article_author, article.src AS article_src, article.date AS article_date, article.read_number AS article_read_number, article.type AS article_type, article.thumbnail AS article_thumbnail 
FROM article) AS anon_1
INFO:sqlalchemy.engine.base.Engine:SELECT count(*) AS count_1 
FROM (SELECT article.idarticle AS article_idarticle, article.title AS article_title, article.description AS article_description, article.author AS article_author, article.src AS article_src, article.date AS article_date, article.read_number AS article_read_number, article.type AS article_type, article.thumbnail AS article_thumbnail 
FROM article) AS anon_1
2019-04-08 21:11:06,748 INFO sqlalchemy.engine.base.Engine ()
INFO:sqlalchemy.engine.base.Engine:()
2019-04-08 21:11:06,749 INFO sqlalchemy.engine.base.Engine ROLLBACK
INFO:sqlalchemy.engine.base.Engine:ROLLBACK
[pid: 23861|app: 0|req: 6/6] 47.254.76.159 () {40 vars in 617 bytes} [Mon Apr  8 21:11:06 2019] GET /page/0/2 => generated 2305 bytes in 7 msecs (HTTP/1.1 200) 3 headers in 113 bytes (1 switches on core 1)
2019-04-08 21:15:16,704 INFO sqlalchemy.engine.base.Engine BEGIN (implicit)
INFO:sqlalchemy.engine.base.Engine:BEGIN (implicit)
2019-04-08 21:15:16,704 INFO sqlalchemy.engine.base.Engine SELECT article.idarticle AS article_idarticle, article.title AS article_title, article.description AS article_description, article.author AS article_author, article.src AS article_src, article.date AS article_date, article.read_number AS article_read_number, article.type AS article_type, article.thumbnail AS article_thumbnail 
FROM article 
WHERE article.type = %s 
 LIMIT %s, %s
INFO:sqlalchemy.engine.base.Engine:SELECT article.idarticle AS article_idarticle, article.title AS article_title, article.description AS article_description, article.author AS article_author, article.src AS article_src, article.date AS article_date, article.read_number AS article_read_number, article.type AS article_type, article.thumbnail AS article_thumbnail 
FROM article 
WHERE article.type = %s 
 LIMIT %s, %s
2019-04-08 21:15:16,705 INFO sqlalchemy.engine.base.Engine ('2', 0, 6)
INFO:sqlalchemy.engine.base.Engine:('2', 0, 6)
2019-04-08 21:15:16,709 INFO sqlalchemy.engine.base.Engine SELECT count(*) AS count_1 
FROM (SELECT article.idarticle AS article_idarticle, article.title AS article_title, article.description AS article_description, article.author AS article_author, article.src AS article_src, article.date AS article_date, article.read_number AS article_read_number, article.type AS article_type, article.thumbnail AS article_thumbnail 
FROM article 
WHERE article.type = %s) AS anon_1
INFO:sqlalchemy.engine.base.Engine:SELECT count(*) AS count_1 
FROM (SELECT article.idarticle AS article_idarticle, article.title AS article_title, article.description AS article_description, article.author AS article_author, article.src AS article_src, article.date AS article_date, article.read_number AS article_read_number, article.type AS article_type, article.thumbnail AS article_thumbnail 
FROM article 
WHERE article.type = %s) AS anon_1
2019-04-08 21:15:16,709 INFO sqlalchemy.engine.base.Engine ('2',)
INFO:sqlalchemy.engine.base.Engine:('2',)
2019-04-08 21:15:16,710 INFO sqlalchemy.engine.base.Engine ROLLBACK
INFO:sqlalchemy.engine.base.Engine:ROLLBACK
[pid: 23861|app: 0|req: 7/7] 47.254.76.159 () {38 vars in 644 bytes} [Mon Apr  8 21:15:16 2019] GET /page/2/1 => generated 2085 bytes in 8 msecs (HTTP/1.1 200) 3 headers in 113 bytes (1 switches on core 0)
2019-04-08 21:15:18,079 INFO sqlalchemy.engine.base.Engine BEGIN (implicit)
INFO:sqlalchemy.engine.base.Engine:BEGIN (implicit)
2019-04-08 21:15:18,080 INFO sqlalchemy.engine.base.Engine SELECT article.idarticle AS article_idarticle, article.title AS article_title, article.description AS article_description, article.author AS article_author, article.src AS article_src, article.date AS article_date, article.read_number AS article_read_number, article.type AS article_type, article.thumbnail AS article_thumbnail 
FROM article 
WHERE article.type = %s 
 LIMIT %s, %s
INFO:sqlalchemy.engine.base.Engine:SELECT article.idarticle AS article_idarticle, article.title AS article_title, article.description AS article_description, article.author AS article_author, article.src AS article_src, article.date AS article_date, article.read_number AS article_read_number, article.type AS article_type, article.thumbnail AS article_thumbnail 
FROM article 
WHERE article.type = %s 
 LIMIT %s, %s
2019-04-08 21:15:18,080 INFO sqlalchemy.engine.base.Engine ('1', 0, 6)
INFO:sqlalchemy.engine.base.Engine:('1', 0, 6)
2019-04-08 21:15:18,084 INFO sqlalchemy.engine.base.Engine SELECT count(*) AS count_1 
FROM (SELECT article.idarticle AS article_idarticle, article.title AS article_title, article.description AS article_description, article.author AS article_author, article.src AS article_src, article.date AS article_date, article.read_number AS article_read_number, article.type AS article_type, article.thumbnail AS article_thumbnail 
FROM article 
WHERE article.type = %s) AS anon_1
INFO:sqlalchemy.engine.base.Engine:SELECT count(*) AS count_1 
FROM (SELECT article.idarticle AS article_idarticle, article.title AS article_title, article.description AS article_description, article.author AS article_author, article.src AS article_src, article.date AS article_date, article.read_number AS article_read_number, article.type AS article_type, article.thumbnail AS article_thumbnail 
FROM article 
WHERE article.type = %s) AS anon_1
2019-04-08 21:15:18,084 INFO sqlalchemy.engine.base.Engine ('1',)
INFO:sqlalchemy.engine.base.Engine:('1',)
2019-04-08 21:15:18,085 INFO sqlalchemy.engine.base.Engine ROLLBACK
INFO:sqlalchemy.engine.base.Engine:ROLLBACK
[pid: 23861|app: 0|req: 8/8] 47.254.76.159 () {38 vars in 644 bytes} [Mon Apr  8 21:15:18 2019] GET /page/1/1 => generated 2292 bytes in 8 msecs (HTTP/1.1 200) 3 headers in 113 bytes (1 switches on core 1)
2019-04-08 21:15:22,898 INFO sqlalchemy.engine.base.Engine BEGIN (implicit)
INFO:sqlalchemy.engine.base.Engine:BEGIN (implicit)
2019-04-08 21:15:22,899 INFO sqlalchemy.engine.base.Engine SELECT article.idarticle AS article_idarticle, article.title AS article_title, article.description AS article_description, article.author AS article_author, article.src AS article_src, article.date AS article_date, article.read_number AS article_read_number, article.type AS article_type, article.thumbnail AS article_thumbnail 
FROM article 
 LIMIT %s, %s
INFO:sqlalchemy.engine.base.Engine:SELECT article.idarticle AS article_idarticle, article.title AS article_title, article.description AS article_description, article.author AS article_author, article.src AS article_src, article.date AS article_date, article.read_number AS article_read_number, article.type AS article_type, article.thumbnail AS article_thumbnail 
FROM article 
 LIMIT %s, %s
2019-04-08 21:15:22,899 INFO sqlalchemy.engine.base.Engine (0, 6)
INFO:sqlalchemy.engine.base.Engine:(0, 6)
2019-04-08 21:15:22,902 INFO sqlalchemy.engine.base.Engine SELECT count(*) AS count_1 
FROM (SELECT article.idarticle AS article_idarticle, article.title AS article_title, article.description AS article_description, article.author AS article_author, article.src AS article_src, article.date AS article_date, article.read_number AS article_read_number, article.type AS article_type, article.thumbnail AS article_thumbnail 
FROM article) AS anon_1
INFO:sqlalchemy.engine.base.Engine:SELECT count(*) AS count_1 
FROM (SELECT article.idarticle AS article_idarticle, article.title AS article_title, article.description AS article_description, article.author AS article_author, article.src AS article_src, article.date AS article_date, article.read_number AS article_read_number, article.type AS article_type, article.thumbnail AS article_thumbnail 
FROM article) AS anon_1
2019-04-08 21:15:22,902 INFO sqlalchemy.engine.base.Engine ()
INFO:sqlalchemy.engine.base.Engine:()
2019-04-08 21:15:22,903 INFO sqlalchemy.engine.base.Engine ROLLBACK
INFO:sqlalchemy.engine.base.Engine:ROLLBACK
[pid: 23861|app: 0|req: 9/9] 47.254.76.159 () {38 vars in 644 bytes} [Mon Apr  8 21:15:22 2019] GET /page/0/1 => generated 2302 bytes in 7 msecs (HTTP/1.1 200) 3 headers in 113 bytes (1 switches on core 0)
2019-04-08 21:15:25,090 INFO sqlalchemy.engine.base.Engine BEGIN (implicit)
INFO:sqlalchemy.engine.base.Engine:BEGIN (implicit)
2019-04-08 21:15:25,090 INFO sqlalchemy.engine.base.Engine SELECT article.idarticle AS article_idarticle, article.title AS article_title, article.description AS article_description, article.author AS article_author, article.src AS article_src, article.date AS article_date, article.read_number AS article_read_number, article.type AS article_type, article.thumbnail AS article_thumbnail 
FROM article 
WHERE article.type = %s 
 LIMIT %s, %s
INFO:sqlalchemy.engine.base.Engine:SELECT article.idarticle AS article_idarticle, article.title AS article_title, article.description AS article_description, article.author AS article_author, article.src AS article_src, article.date AS article_date, article.read_number AS article_read_number, article.type AS article_type, article.thumbnail AS article_thumbnail 
FROM article 
WHERE article.type = %s 
 LIMIT %s, %s
2019-04-08 21:15:25,091 INFO sqlalchemy.engine.base.Engine ('1', 0, 6)
INFO:sqlalchemy.engine.base.Engine:('1', 0, 6)
2019-04-08 21:15:25,095 INFO sqlalchemy.engine.base.Engine SELECT count(*) AS count_1 
FROM (SELECT article.idarticle AS article_idarticle, article.title AS article_title, article.description AS article_description, article.author AS article_author, article.src AS article_src, article.date AS article_date, article.read_number AS article_read_number, article.type AS article_type, article.thumbnail AS article_thumbnail 
FROM article 
WHERE article.type = %s) AS anon_1
INFO:sqlalchemy.engine.base.Engine:SELECT count(*) AS count_1 
FROM (SELECT article.idarticle AS article_idarticle, article.title AS article_title, article.description AS article_description, article.author AS article_author, article.src AS article_src, article.date AS article_date, article.read_number AS article_read_number, article.type AS article_type, article.thumbnail AS article_thumbnail 
FROM article 
WHERE article.type = %s) AS anon_1
2019-04-08 21:15:25,096 INFO sqlalchemy.engine.base.Engine ('1',)
INFO:sqlalchemy.engine.base.Engine:('1',)
2019-04-08 21:15:25,097 INFO sqlalchemy.engine.base.Engine ROLLBACK
INFO:sqlalchemy.engine.base.Engine:ROLLBACK
[pid: 23861|app: 0|req: 10/10] 47.254.76.159 () {38 vars in 644 bytes} [Mon Apr  8 21:15:25 2019] GET /page/1/1 => generated 2292 bytes in 8 msecs (HTTP/1.1 200) 3 headers in 113 bytes (1 switches on core 1)
[pid: 23861|app: 0|req: 11/11] 47.100.64.9 () {24 vars in 270 bytes} [Tue Apr  9 01:42:57 2019] GET / => generated 233 bytes in 2 msecs (HTTP/1.0 404) 2 headers in 72 bytes (1 switches on core 0)
[pid: 23861|app: 0|req: 12/12] 209.17.97.82 () {28 vars in 398 bytes} [Tue Apr  9 03:19:53 2019] GET / => generated 233 bytes in 0 msecs (HTTP/1.1 404) 2 headers in 72 bytes (1 switches on core 0)
[pid: 23861|app: 0|req: 13/13] 39.107.14.208 () {24 vars in 272 bytes} [Tue Apr  9 03:35:36 2019] GET / => generated 233 bytes in 1 msecs (HTTP/1.0 404) 2 headers in 72 bytes (1 switches on core 0)
[pid: 23861|app: 0|req: 14/14] 209.17.96.250 () {28 vars in 403 bytes} [Tue Apr  9 05:48:22 2019] GET / => generated 233 bytes in 1 msecs (HTTP/1.1 404) 2 headers in 72 bytes (1 switches on core 0)
[pid: 23861|app: 0|req: 15/15] 198.74.58.103 () {24 vars in 272 bytes} [Wed Apr 10 00:19:45 2019] GET / => generated 233 bytes in 1 msecs (HTTP/1.0 404) 2 headers in 72 bytes (1 switches on core 0)
SIGINT/SIGQUIT received...killing workers...
worker 1 buried after 1 seconds
worker 2 buried after 1 seconds
worker 3 buried after 1 seconds
worker 4 buried after 1 seconds
goodbye to uWSGI.
